build/app/intermediates/manifest_merge_blame_file/release/manifest-merger-blame-release-report.txt
1<?xml version="1.0" encoding="utf-8"?>
2<manifest xmlns:android="http://schemas.android.com/apk/res/android"
3    package="com.example.demo_chat_app"
4    android:versionCode="1"
5    android:versionName="0.1.0" >
6
7    <uses-sdk
8        android:minSdkVersion="23"
8-->src/main/AndroidManifest.xml
9        android:targetSdkVersion="34" />
9-->src/main/AndroidManifest.xml
10
11    <uses-permission android:name="android.permission.CAMERA" />
11-->src/main/AndroidManifest.xml:3:9-68
11-->src/main/AndroidManifest.xml:3:26-66
12    <uses-permission android:name="android.permission.RECORD_AUDIO" />
12-->src/main/AndroidManifest.xml:4:9-74
12-->src/main/AndroidManifest.xml:4:26-72
13    <uses-permission
13-->src/main/AndroidManifest.xml:5:9-84
14        android:name="android.permission.WRITE_EXTERNAL_STORAGE"
14-->src/main/AndroidManifest.xml:5:26-82
15        android:maxSdkVersion="28" />
15-->[:camera_android_camerax] AndroidManifest.xml:16:9-35
16    <uses-permission android:name="android.permission.READ_EXTERNAL_STORAGE" />
16-->src/main/AndroidManifest.xml:6:9-83
16-->src/main/AndroidManifest.xml:6:26-81
17    <uses-permission android:name="android.permission.INTERNET" />
17-->src/main/AndroidManifest.xml:7:9-70
17-->src/main/AndroidManifest.xml:7:26-68
18    <!-- <uses-permission android:name="android.permission.RECEIVE_BOOT_COMPLETED"/> -->
19    <uses-permission android:name="android.permission.FLASHLIGHT" />
19-->src/main/AndroidManifest.xml:9:9-73
19-->src/main/AndroidManifest.xml:9:26-70
20    <uses-permission android:name="android.permission.ACCESS_FINE_LOCATION" />
20-->src/main/AndroidManifest.xml:10:9-82
20-->src/main/AndroidManifest.xml:10:26-80
21    <uses-permission android:name="android.permission.ACCESS_COARSE_LOCATION" />
21-->src/main/AndroidManifest.xml:11:9-84
21-->src/main/AndroidManifest.xml:11:26-82
22    <uses-permission android:name="android.permission.ACCESS_BACKGROUND_LOCATION" />
22-->src/main/AndroidManifest.xml:12:9-88
22-->src/main/AndroidManifest.xml:12:26-86
23    <uses-permission android:name="android.permission.FOREGROUND_SERVICE" />
23-->src/main/AndroidManifest.xml:13:9-81
23-->src/main/AndroidManifest.xml:13:26-78
24
25    <queries>
25-->src/main/AndroidManifest.xml:59:5-64:15
26        <intent>
26-->src/main/AndroidManifest.xml:60:9-63:18
27            <action android:name="android.intent.action.PROCESS_TEXT" />
27-->src/main/AndroidManifest.xml:61:13-72
27-->src/main/AndroidManifest.xml:61:21-70
28
29            <data android:mimeType="text/plain" />
29-->src/main/AndroidManifest.xml:62:13-50
29-->src/main/AndroidManifest.xml:62:19-48
30        </intent>
31        <!-- Needs to be explicitly declared on Android R+ -->
32        <package android:name="com.google.android.apps.maps" />
32-->[com.google.android.gms:play-services-maps:18.2.0] AndroidManifest.xml:33:9-64
32-->[com.google.android.gms:play-services-maps:18.2.0] AndroidManifest.xml:33:18-61
33    </queries>
34
35    <uses-feature android:name="android.hardware.camera.any" />
35-->[:camera_android_camerax] AndroidManifest.xml:10:5-64
35-->[:camera_android_camerax] AndroidManifest.xml:10:19-61
36
37    <uses-permission android:name="android.permission.WAKE_LOCK" />
37-->[:firebase_messaging] AndroidManifest.xml:10:5-68
37-->[:firebase_messaging] AndroidManifest.xml:10:22-65
38    <uses-permission android:name="android.permission.ACCESS_NETWORK_STATE" /> <!-- Permissions options for the `notification` group -->
38-->[:firebase_messaging] AndroidManifest.xml:11:5-79
38-->[:firebase_messaging] AndroidManifest.xml:11:22-76
39    <uses-permission android:name="android.permission.POST_NOTIFICATIONS" />
39-->[:firebase_messaging] AndroidManifest.xml:13:5-77
39-->[:firebase_messaging] AndroidManifest.xml:13:22-74
40    <uses-permission android:name="android.permission.VIBRATE" />
40-->[:flutter_local_notifications] AndroidManifest.xml:9:5-66
40-->[:flutter_local_notifications] AndroidManifest.xml:9:22-63
41
42    <uses-feature
42-->[com.google.android.gms:play-services-maps:18.2.0] AndroidManifest.xml:26:5-28:35
43        android:glEsVersion="0x00020000"
43-->[com.google.android.gms:play-services-maps:18.2.0] AndroidManifest.xml:27:9-41
44        android:required="true" /> <!-- Required by older versions of Google Play services to create IID tokens -->
44-->[com.google.android.gms:play-services-maps:18.2.0] AndroidManifest.xml:28:9-32
45    <uses-permission android:name="com.google.android.c2dm.permission.RECEIVE" />
45-->[com.google.firebase:firebase-messaging:24.0.1] AndroidManifest.xml:26:5-82
45-->[com.google.firebase:firebase-messaging:24.0.1] AndroidManifest.xml:26:22-79
46
47    <permission
47-->[androidx.core:core:1.13.1] AndroidManifest.xml:22:5-24:47
48        android:name="com.example.demo_chat_app.DYNAMIC_RECEIVER_NOT_EXPORTED_PERMISSION"
48-->[androidx.core:core:1.13.1] AndroidManifest.xml:23:9-81
49        android:protectionLevel="signature" />
49-->[androidx.core:core:1.13.1] AndroidManifest.xml:24:9-44
50
51    <uses-permission android:name="com.example.demo_chat_app.DYNAMIC_RECEIVER_NOT_EXPORTED_PERMISSION" />
51-->[androidx.core:core:1.13.1] AndroidManifest.xml:26:5-97
51-->[androidx.core:core:1.13.1] AndroidManifest.xml:26:22-94
52    <uses-permission
52-->[com.github.davidliu:audioswitch:89582c47c9a04c62f90aa5e57251af4800a62c9a] AndroidManifest.xml:9:5-11:38
53        android:name="android.permission.BLUETOOTH"
53-->[com.github.davidliu:audioswitch:89582c47c9a04c62f90aa5e57251af4800a62c9a] AndroidManifest.xml:10:9-52
54        android:maxSdkVersion="30" />
54-->[com.github.davidliu:audioswitch:89582c47c9a04c62f90aa5e57251af4800a62c9a] AndroidManifest.xml:11:9-35
55    <uses-permission android:name="android.permission.MODIFY_AUDIO_SETTINGS" />
55-->[com.github.davidliu:audioswitch:89582c47c9a04c62f90aa5e57251af4800a62c9a] AndroidManifest.xml:12:5-80
55-->[com.github.davidliu:audioswitch:89582c47c9a04c62f90aa5e57251af4800a62c9a] AndroidManifest.xml:12:22-77
56
57    <application
58        android:name="android.app.Application"
58-->src/main/AndroidManifest.xml:17:9-42
59        android:appComponentFactory="androidx.core.app.CoreComponentFactory"
59-->[androidx.core:core:1.13.1] AndroidManifest.xml:28:18-86
60        android:enableOnBackInvokedCallback="true"
60-->src/main/AndroidManifest.xml:20:9-51
61        android:extractNativeLibs="false"
62        android:icon="@mipmap/ic_launcher"
62-->src/main/AndroidManifest.xml:18:9-43
63        android:label="DemoChat"
63-->src/main/AndroidManifest.xml:16:9-33
64        android:requestLegacyExternalStorage="true" >
64-->src/main/AndroidManifest.xml:19:9-52
65        <meta-data
65-->src/main/AndroidManifest.xml:21:9-22:73
66            android:name="com.google.android.geo.API_KEY"
66-->src/main/AndroidManifest.xml:21:20-65
67            android:value="AIzaSyBaGopDKUIczvSeuFIYyrVxHghc667FDT4" />
67-->src/main/AndroidManifest.xml:22:16-71
68
69        <service
69-->src/main/AndroidManifest.xml:23:16-30:11
70            android:name="com.google.firebase.messaging.FirebaseMessagingService"
70-->src/main/AndroidManifest.xml:24:5-74
71            android:directBootAware="true"
71-->[com.google.firebase:firebase-messaging:24.0.1] AndroidManifest.xml:48:13-43
72            android:exported="true" >
72-->src/main/AndroidManifest.xml:25:5-28
73            <intent-filter>
73-->src/main/AndroidManifest.xml:27:5-29:21
74                <action android:name="com.google.firebase.MESSAGING_EVENT" />
74-->src/main/AndroidManifest.xml:28:9-69
74-->src/main/AndroidManifest.xml:28:17-67
75            </intent-filter>
76            <intent-filter android:priority="-500" >
76-->src/main/AndroidManifest.xml:27:5-29:21
77                <action android:name="com.google.firebase.MESSAGING_EVENT" />
77-->src/main/AndroidManifest.xml:28:9-69
77-->src/main/AndroidManifest.xml:28:17-67
78            </intent-filter>
79        </service>
80
81        <activity
81-->src/main/AndroidManifest.xml:31:9-52:20
82            android:name="com.example.demo_chat_app.MainActivity"
82-->src/main/AndroidManifest.xml:32:13-41
83            android:configChanges="orientation|keyboardHidden|keyboard|screenSize|smallestScreenSize|locale|layoutDirection|fontScale|screenLayout|density|uiMode"
83-->src/main/AndroidManifest.xml:37:13-163
84            android:exported="true"
84-->src/main/AndroidManifest.xml:33:13-36
85            android:hardwareAccelerated="true"
85-->src/main/AndroidManifest.xml:38:13-47
86            android:launchMode="singleTop"
86-->src/main/AndroidManifest.xml:34:13-43
87            android:taskAffinity=""
87-->src/main/AndroidManifest.xml:35:13-36
88            android:theme="@style/LaunchTheme"
88-->src/main/AndroidManifest.xml:36:13-47
89            android:windowSoftInputMode="adjustResize" >
89-->src/main/AndroidManifest.xml:39:13-55
90
91            <!--
92                 Specifies an Android theme to apply to this Activity as soon as
93                 the Android process has started. This theme is visible to the user
94                 while the Flutter UI initializes. After that, this theme continues
95                 to determine the Window background behind the Flutter UI.
96            -->
97            <meta-data
97-->src/main/AndroidManifest.xml:44:13-47:17
98                android:name="io.flutter.embedding.android.NormalTheme"
98-->src/main/AndroidManifest.xml:45:15-70
99                android:resource="@style/NormalTheme" />
99-->src/main/AndroidManifest.xml:46:15-52
100
101            <intent-filter>
101-->src/main/AndroidManifest.xml:48:13-51:29
102                <action android:name="android.intent.action.MAIN" />
102-->src/main/AndroidManifest.xml:49:17-68
102-->src/main/AndroidManifest.xml:49:25-66
103
104                <category android:name="android.intent.category.LAUNCHER" />
104-->src/main/AndroidManifest.xml:50:17-76
104-->src/main/AndroidManifest.xml:50:27-74
105            </intent-filter>
106        </activity>
107        <!--
108             Don't delete the meta-data below.
109             This is used by the Flutter tool to generate GeneratedPluginRegistrant.java
110        -->
111        <meta-data
111-->src/main/AndroidManifest.xml:55:9-57:33
112            android:name="flutterEmbedding"
112-->src/main/AndroidManifest.xml:56:13-44
113            android:value="2" />
113-->src/main/AndroidManifest.xml:57:13-30
114
115        <service
115-->[:firebase_messaging] AndroidManifest.xml:16:9-19:72
116            android:name="io.flutter.plugins.firebase.messaging.FlutterFirebaseMessagingBackgroundService"
116-->[:firebase_messaging] AndroidManifest.xml:17:13-107
117            android:exported="false"
117-->[:firebase_messaging] AndroidManifest.xml:18:13-37
118            android:permission="android.permission.BIND_JOB_SERVICE" />
118-->[:firebase_messaging] AndroidManifest.xml:19:13-69
119        <service
119-->[:firebase_messaging] AndroidManifest.xml:20:9-26:19
120            android:name="io.flutter.plugins.firebase.messaging.FlutterFirebaseMessagingService"
120-->[:firebase_messaging] AndroidManifest.xml:21:13-97
121            android:exported="false" >
121-->[:firebase_messaging] AndroidManifest.xml:22:13-37
122            <intent-filter>
122-->src/main/AndroidManifest.xml:27:5-29:21
123                <action android:name="com.google.firebase.MESSAGING_EVENT" />
123-->src/main/AndroidManifest.xml:28:9-69
123-->src/main/AndroidManifest.xml:28:17-67
124            </intent-filter>
125        </service>
126
127        <receiver
127-->[:firebase_messaging] AndroidManifest.xml:28:9-35:20
128            android:name="io.flutter.plugins.firebase.messaging.FlutterFirebaseMessagingReceiver"
128-->[:firebase_messaging] AndroidManifest.xml:29:13-98
129            android:exported="true"
129-->[:firebase_messaging] AndroidManifest.xml:30:13-36
130            android:permission="com.google.android.c2dm.permission.SEND" >
130-->[:firebase_messaging] AndroidManifest.xml:31:13-73
131            <intent-filter>
131-->[:firebase_messaging] AndroidManifest.xml:32:13-34:29
132                <action android:name="com.google.android.c2dm.intent.RECEIVE" />
132-->[:firebase_messaging] AndroidManifest.xml:33:17-81
132-->[:firebase_messaging] AndroidManifest.xml:33:25-78
133            </intent-filter>
134        </receiver>
135
136        <service
136-->[:firebase_messaging] AndroidManifest.xml:37:9-41:19
137            android:name="com.google.firebase.components.ComponentDiscoveryService"
137-->[:firebase_messaging] AndroidManifest.xml:37:18-89
138            android:directBootAware="true"
138-->[com.google.firebase:firebase-common:21.0.0] AndroidManifest.xml:32:13-43
139            android:exported="false" >
139-->[com.google.firebase:firebase-messaging:24.0.1] AndroidManifest.xml:56:13-37
140            <meta-data
140-->[:firebase_messaging] AndroidManifest.xml:38:13-40:85
141                android:name="com.google.firebase.components:io.flutter.plugins.firebase.messaging.FlutterFirebaseAppRegistrar"
141-->[:firebase_messaging] AndroidManifest.xml:39:17-128
142                android:value="com.google.firebase.components.ComponentRegistrar" />
142-->[:firebase_messaging] AndroidManifest.xml:40:17-82
143            <meta-data
143-->[:firebase_core] AndroidManifest.xml:11:13-13:85
144                android:name="com.google.firebase.components:io.flutter.plugins.firebase.core.FlutterFirebaseCoreRegistrar"
144-->[:firebase_core] AndroidManifest.xml:12:17-124
145                android:value="com.google.firebase.components.ComponentRegistrar" />
145-->[:firebase_core] AndroidManifest.xml:13:17-82
146            <meta-data
146-->[com.google.firebase:firebase-messaging:24.0.1] AndroidManifest.xml:57:13-59:85
147                android:name="com.google.firebase.components:com.google.firebase.messaging.FirebaseMessagingKtxRegistrar"
147-->[com.google.firebase:firebase-messaging:24.0.1] AndroidManifest.xml:58:17-122
148                android:value="com.google.firebase.components.ComponentRegistrar" />
148-->[com.google.firebase:firebase-messaging:24.0.1] AndroidManifest.xml:59:17-82
149            <meta-data
149-->[com.google.firebase:firebase-messaging:24.0.1] AndroidManifest.xml:60:13-62:85
150                android:name="com.google.firebase.components:com.google.firebase.messaging.FirebaseMessagingRegistrar"
150-->[com.google.firebase:firebase-messaging:24.0.1] AndroidManifest.xml:61:17-119
151                android:value="com.google.firebase.components.ComponentRegistrar" />
151-->[com.google.firebase:firebase-messaging:24.0.1] AndroidManifest.xml:62:17-82
152            <meta-data
152-->[com.google.firebase:firebase-installations:18.0.0] AndroidManifest.xml:15:13-17:85
153                android:name="com.google.firebase.components:com.google.firebase.installations.FirebaseInstallationsKtxRegistrar"
153-->[com.google.firebase:firebase-installations:18.0.0] AndroidManifest.xml:16:17-130
154                android:value="com.google.firebase.components.ComponentRegistrar" />
154-->[com.google.firebase:firebase-installations:18.0.0] AndroidManifest.xml:17:17-82
155            <meta-data
155-->[com.google.firebase:firebase-installations:18.0.0] AndroidManifest.xml:18:13-20:85
156                android:name="com.google.firebase.components:com.google.firebase.installations.FirebaseInstallationsRegistrar"
156-->[com.google.firebase:firebase-installations:18.0.0] AndroidManifest.xml:19:17-127
157                android:value="com.google.firebase.components.ComponentRegistrar" />
157-->[com.google.firebase:firebase-installations:18.0.0] AndroidManifest.xml:20:17-82
158            <meta-data
158-->[com.google.firebase:firebase-common-ktx:21.0.0] AndroidManifest.xml:12:13-14:85
159                android:name="com.google.firebase.components:com.google.firebase.ktx.FirebaseCommonLegacyRegistrar"
159-->[com.google.firebase:firebase-common-ktx:21.0.0] AndroidManifest.xml:13:17-116
160                android:value="com.google.firebase.components.ComponentRegistrar" />
160-->[com.google.firebase:firebase-common-ktx:21.0.0] AndroidManifest.xml:14:17-82
161            <meta-data
161-->[com.google.firebase:firebase-common:21.0.0] AndroidManifest.xml:35:13-37:85
162                android:name="com.google.firebase.components:com.google.firebase.FirebaseCommonKtxRegistrar"
162-->[com.google.firebase:firebase-common:21.0.0] AndroidManifest.xml:36:17-109
163                android:value="com.google.firebase.components.ComponentRegistrar" />
163-->[com.google.firebase:firebase-common:21.0.0] AndroidManifest.xml:37:17-82
164            <meta-data
164-->[com.google.firebase:firebase-datatransport:18.2.0] AndroidManifest.xml:25:13-27:85
165                android:name="com.google.firebase.components:com.google.firebase.datatransport.TransportRegistrar"
165-->[com.google.firebase:firebase-datatransport:18.2.0] AndroidManifest.xml:26:17-115
166                android:value="com.google.firebase.components.ComponentRegistrar" />
166-->[com.google.firebase:firebase-datatransport:18.2.0] AndroidManifest.xml:27:17-82
167        </service>
168
169        <provider
169-->[:firebase_messaging] AndroidManifest.xml:43:9-47:38
170            android:name="io.flutter.plugins.firebase.messaging.FlutterFirebaseMessagingInitProvider"
170-->[:firebase_messaging] AndroidManifest.xml:44:13-102
171            android:authorities="com.example.demo_chat_app.flutterfirebasemessaginginitprovider"
171-->[:firebase_messaging] AndroidManifest.xml:45:13-88
172            android:exported="false"
172-->[:firebase_messaging] AndroidManifest.xml:46:13-37
173            android:initOrder="99" />
173-->[:firebase_messaging] AndroidManifest.xml:47:13-35
174        <provider
174-->[:image_picker_android] AndroidManifest.xml:11:9-19:20
175            android:name="io.flutter.plugins.imagepicker.ImagePickerFileProvider"
175-->[:image_picker_android] AndroidManifest.xml:12:13-82
176            android:authorities="com.example.demo_chat_app.flutter.image_provider"
176-->[:image_picker_android] AndroidManifest.xml:13:13-74
177            android:exported="false"
177-->[:image_picker_android] AndroidManifest.xml:14:13-37
178            android:grantUriPermissions="true" >
178-->[:image_picker_android] AndroidManifest.xml:15:13-47
179            <meta-data
179-->[:image_picker_android] AndroidManifest.xml:16:13-18:75
180                android:name="android.support.FILE_PROVIDER_PATHS"
180-->[:image_picker_android] AndroidManifest.xml:17:17-67
181                android:resource="@xml/flutter_image_picker_file_paths" />
181-->[:image_picker_android] AndroidManifest.xml:18:17-72
182        </provider> <!-- Trigger Google Play services to install the backported photo picker module. -->
183        <service
183-->[:image_picker_android] AndroidManifest.xml:21:9-33:19
184            android:name="com.google.android.gms.metadata.ModuleDependencies"
184-->[:image_picker_android] AndroidManifest.xml:22:13-78
185            android:enabled="false"
185-->[:image_picker_android] AndroidManifest.xml:23:13-36
186            android:exported="false" >
186-->[:image_picker_android] AndroidManifest.xml:24:13-37
187            <intent-filter>
187-->[:image_picker_android] AndroidManifest.xml:26:13-28:29
188                <action android:name="com.google.android.gms.metadata.MODULE_DEPENDENCIES" />
188-->[:image_picker_android] AndroidManifest.xml:27:17-94
188-->[:image_picker_android] AndroidManifest.xml:27:25-91
189            </intent-filter>
190
191            <meta-data
191-->[:image_picker_android] AndroidManifest.xml:30:13-32:36
192                android:name="photopicker_activity:0:required"
192-->[:image_picker_android] AndroidManifest.xml:31:17-63
193                android:value="" />
193-->[:image_picker_android] AndroidManifest.xml:32:17-33
194        </service>
195        <service
195-->[:geolocator_android] AndroidManifest.xml:10:9-14:56
196            android:name="com.baseflow.geolocator.GeolocatorLocationService"
196-->[:geolocator_android] AndroidManifest.xml:11:13-77
197            android:enabled="true"
197-->[:geolocator_android] AndroidManifest.xml:12:13-35
198            android:exported="false"
198-->[:geolocator_android] AndroidManifest.xml:13:13-37
199            android:foregroundServiceType="location" />
199-->[:geolocator_android] AndroidManifest.xml:14:13-53
200
201        <activity
201-->[:url_launcher_android] AndroidManifest.xml:10:9-13:74
202            android:name="io.flutter.plugins.urllauncher.WebViewActivity"
202-->[:url_launcher_android] AndroidManifest.xml:11:13-74
203            android:exported="false"
203-->[:url_launcher_android] AndroidManifest.xml:12:13-37
204            android:theme="@android:style/Theme.NoTitleBar.Fullscreen" /> <!-- Needs to be explicitly declared on P+ -->
204-->[:url_launcher_android] AndroidManifest.xml:13:13-71
205        <uses-library
205-->[com.google.android.gms:play-services-maps:18.2.0] AndroidManifest.xml:39:9-41:40
206            android:name="org.apache.http.legacy"
206-->[com.google.android.gms:play-services-maps:18.2.0] AndroidManifest.xml:40:13-50
207            android:required="false" />
207-->[com.google.android.gms:play-services-maps:18.2.0] AndroidManifest.xml:41:13-37
208
209        <receiver
209-->[com.google.firebase:firebase-messaging:24.0.1] AndroidManifest.xml:29:9-40:20
210            android:name="com.google.firebase.iid.FirebaseInstanceIdReceiver"
210-->[com.google.firebase:firebase-messaging:24.0.1] AndroidManifest.xml:30:13-78
211            android:exported="true"
211-->[com.google.firebase:firebase-messaging:24.0.1] AndroidManifest.xml:31:13-36
212            android:permission="com.google.android.c2dm.permission.SEND" >
212-->[com.google.firebase:firebase-messaging:24.0.1] AndroidManifest.xml:32:13-73
213            <intent-filter>
213-->[:firebase_messaging] AndroidManifest.xml:32:13-34:29
214                <action android:name="com.google.android.c2dm.intent.RECEIVE" />
214-->[:firebase_messaging] AndroidManifest.xml:33:17-81
214-->[:firebase_messaging] AndroidManifest.xml:33:25-78
215            </intent-filter>
216
217            <meta-data
217-->[com.google.firebase:firebase-messaging:24.0.1] AndroidManifest.xml:37:13-39:40
218                android:name="com.google.android.gms.cloudmessaging.FINISHED_AFTER_HANDLED"
218-->[com.google.firebase:firebase-messaging:24.0.1] AndroidManifest.xml:38:17-92
219                android:value="true" />
219-->[com.google.firebase:firebase-messaging:24.0.1] AndroidManifest.xml:39:17-37
220        </receiver>
221
222        <activity
222-->[com.google.android.gms:play-services-base:18.3.0] AndroidManifest.xml:20:9-22:45
223            android:name="com.google.android.gms.common.api.GoogleApiActivity"
223-->[com.google.android.gms:play-services-base:18.3.0] AndroidManifest.xml:20:19-85
224            android:exported="false"
224-->[com.google.android.gms:play-services-base:18.3.0] AndroidManifest.xml:22:19-43
225            android:theme="@android:style/Theme.Translucent.NoTitleBar" />
225-->[com.google.android.gms:play-services-base:18.3.0] AndroidManifest.xml:21:19-78
226
227        <provider
227-->[com.google.firebase:firebase-common:21.0.0] AndroidManifest.xml:23:9-28:39
228            android:name="com.google.firebase.provider.FirebaseInitProvider"
228-->[com.google.firebase:firebase-common:21.0.0] AndroidManifest.xml:24:13-77
229            android:authorities="com.example.demo_chat_app.firebaseinitprovider"
229-->[com.google.firebase:firebase-common:21.0.0] AndroidManifest.xml:25:13-72
230            android:directBootAware="true"
230-->[com.google.firebase:firebase-common:21.0.0] AndroidManifest.xml:26:13-43
231            android:exported="false"
231-->[com.google.firebase:firebase-common:21.0.0] AndroidManifest.xml:27:13-37
232            android:initOrder="100" />
232-->[com.google.firebase:firebase-common:21.0.0] AndroidManifest.xml:28:13-36
233
234        <uses-library
234-->[androidx.window:window:1.0.0-beta04] AndroidManifest.xml:25:9-27:40
235            android:name="androidx.window.extensions"
235-->[androidx.window:window:1.0.0-beta04] AndroidManifest.xml:26:13-54
236            android:required="false" />
236-->[androidx.window:window:1.0.0-beta04] AndroidManifest.xml:27:13-37
237        <uses-library
237-->[androidx.window:window:1.0.0-beta04] AndroidManifest.xml:28:9-30:40
238            android:name="androidx.window.sidecar"
238-->[androidx.window:window:1.0.0-beta04] AndroidManifest.xml:29:13-51
239            android:required="false" />
239-->[androidx.window:window:1.0.0-beta04] AndroidManifest.xml:30:13-37
240
241        <service
241-->[androidx.camera:camera-camera2:1.3.4] AndroidManifest.xml:24:9-33:19
242            android:name="androidx.camera.core.impl.MetadataHolderService"
242-->[androidx.camera:camera-camera2:1.3.4] AndroidManifest.xml:25:13-75
243            android:enabled="false"
243-->[androidx.camera:camera-camera2:1.3.4] AndroidManifest.xml:26:13-36
244            android:exported="false" >
244-->[androidx.camera:camera-camera2:1.3.4] AndroidManifest.xml:27:13-37
245            <meta-data
245-->[androidx.camera:camera-camera2:1.3.4] AndroidManifest.xml:30:13-32:89
246                android:name="androidx.camera.core.impl.MetadataHolderService.DEFAULT_CONFIG_PROVIDER"
246-->[androidx.camera:camera-camera2:1.3.4] AndroidManifest.xml:31:17-103
247                android:value="androidx.camera.camera2.Camera2Config$DefaultProvider" />
247-->[androidx.camera:camera-camera2:1.3.4] AndroidManifest.xml:32:17-86
248        </service>
249
250        <meta-data
250-->[com.google.android.gms:play-services-basement:18.3.0] AndroidManifest.xml:21:9-23:69
251            android:name="com.google.android.gms.version"
251-->[com.google.android.gms:play-services-basement:18.3.0] AndroidManifest.xml:22:13-58
252            android:value="@integer/google_play_services_version" />
252-->[com.google.android.gms:play-services-basement:18.3.0] AndroidManifest.xml:23:13-66
253
254        <provider
254-->[androidx.profileinstaller:profileinstaller:1.3.1] AndroidManifest.xml:24:9-32:20
255            android:name="androidx.startup.InitializationProvider"
255-->[androidx.profileinstaller:profileinstaller:1.3.1] AndroidManifest.xml:25:13-67
256            android:authorities="com.example.demo_chat_app.androidx-startup"
256-->[androidx.profileinstaller:profileinstaller:1.3.1] AndroidManifest.xml:26:13-68
257            android:exported="false" >
257-->[androidx.profileinstaller:profileinstaller:1.3.1] AndroidManifest.xml:27:13-37
258            <meta-data
258-->[androidx.profileinstaller:profileinstaller:1.3.1] AndroidManifest.xml:29:13-31:52
259                android:name="androidx.profileinstaller.ProfileInstallerInitializer"
259-->[androidx.profileinstaller:profileinstaller:1.3.1] AndroidManifest.xml:30:17-85
260                android:value="androidx.startup" />
260-->[androidx.profileinstaller:profileinstaller:1.3.1] AndroidManifest.xml:31:17-49
261        </provider>
262
263        <receiver
263-->[androidx.profileinstaller:profileinstaller:1.3.1] AndroidManifest.xml:34:9-52:20
264            android:name="androidx.profileinstaller.ProfileInstallReceiver"
264-->[androidx.profileinstaller:profileinstaller:1.3.1] AndroidManifest.xml:35:13-76
265            android:directBootAware="false"
265-->[androidx.profileinstaller:profileinstaller:1.3.1] AndroidManifest.xml:36:13-44
266            android:enabled="true"
266-->[androidx.profileinstaller:profileinstaller:1.3.1] AndroidManifest.xml:37:13-35
267            android:exported="true"
267-->[androidx.profileinstaller:profileinstaller:1.3.1] AndroidManifest.xml:38:13-36
268            android:permission="android.permission.DUMP" >
268-->[androidx.profileinstaller:profileinstaller:1.3.1] AndroidManifest.xml:39:13-57
269            <intent-filter>
269-->[androidx.profileinstaller:profileinstaller:1.3.1] AndroidManifest.xml:40:13-42:29
270                <action android:name="androidx.profileinstaller.action.INSTALL_PROFILE" />
270-->[androidx.profileinstaller:profileinstaller:1.3.1] AndroidManifest.xml:41:17-91
270-->[androidx.profileinstaller:profileinstaller:1.3.1] AndroidManifest.xml:41:25-88
271            </intent-filter>
272            <intent-filter>
272-->[androidx.profileinstaller:profileinstaller:1.3.1] AndroidManifest.xml:43:13-45:29
273                <action android:name="androidx.profileinstaller.action.SKIP_FILE" />
273-->[androidx.profileinstaller:profileinstaller:1.3.1] AndroidManifest.xml:44:17-85
273-->[androidx.profileinstaller:profileinstaller:1.3.1] AndroidManifest.xml:44:25-82
274            </intent-filter>
275            <intent-filter>
275-->[androidx.profileinstaller:profileinstaller:1.3.1] AndroidManifest.xml:46:13-48:29
276                <action android:name="androidx.profileinstaller.action.SAVE_PROFILE" />
276-->[androidx.profileinstaller:profileinstaller:1.3.1] AndroidManifest.xml:47:17-88
276-->[androidx.profileinstaller:profileinstaller:1.3.1] AndroidManifest.xml:47:25-85
277            </intent-filter>
278            <intent-filter>
278-->[androidx.profileinstaller:profileinstaller:1.3.1] AndroidManifest.xml:49:13-51:29
279                <action android:name="androidx.profileinstaller.action.BENCHMARK_OPERATION" />
279-->[androidx.profileinstaller:profileinstaller:1.3.1] AndroidManifest.xml:50:17-95
279-->[androidx.profileinstaller:profileinstaller:1.3.1] AndroidManifest.xml:50:25-92
280            </intent-filter>
281        </receiver>
282
283        <service
283-->[com.google.android.datatransport:transport-backend-cct:3.1.9] AndroidManifest.xml:28:9-34:19
284            android:name="com.google.android.datatransport.runtime.backends.TransportBackendDiscovery"
284-->[com.google.android.datatransport:transport-backend-cct:3.1.9] AndroidManifest.xml:29:13-103
285            android:exported="false" >
285-->[com.google.android.datatransport:transport-backend-cct:3.1.9] AndroidManifest.xml:30:13-37